2.577747130731740388e-02
-2.393244720966366257e-01
-2.349742101452654275e-01
3.572445840539409390e-01
-1.194338252235952330e-01
-1.621753639669465267e-03
-1.117310840158090429e-01
3.035572360248299795e-01
-2.867383803821200311e-02
-1.649421030153212231e-01
-2.020629733456013322e-01
1.065967523294911734e-01
1.086637992780318668e-01
1.181948742804691810e-01
-2.778911651230283816e-02
-8.946348799362356663e-02
3.403710894791049379e-01
6.818427122826098419e-02
3.475550137523056998e-02
-4.002525118568536766e-02
5.135267201709377283e-03
-6.809711594310098592e-02
2.942261991160800005e-01
3.433864568923236660e-01
-1.977075689906956923e-02
-4.485249329318565653e-02
-2.171846796875289420e-01
8.352995747252922598e-02
5.551364826093679872e-02
-2.980718480485618493e-01
