STARTING AT Thu Dec 20 04:34:33 CET 2018
2018-12-20 04:34:59.827828: I tensorflow/core/platform/cpu_feature_guard.cc:141] Your CPU supports instructions that this TensorFlow binary was not compiled to use: AVX2 AVX512F FMA
Loading training images...
Done!
Rotating training images for data augmentation...
Done!
Loading validation images...
Done!
Rotating validation images for data augmentation...
Done!
Loading additional training images...
Done!
Loading weights file...
Train on 6728 samples, validate on 20 samples
Epoch 1/80

 100/6728 [..............................] - ETA: 19:15 - loss: 0.1682 - f1_score: 0.3856
 200/6728 [..............................] - ETA: 17:34 - loss: 0.1690 - f1_score: 0.3811
 300/6728 [>.............................] - ETA: 16:48 - loss: 0.1693 - f1_score: 0.3869
 400/6728 [>.............................] - ETA: 16:16 - loss: 0.1717 - f1_score: 0.3884
 500/6728 [=>............................] - ETA: 15:51 - loss: 0.1719 - f1_score: 0.3839
 600/6728 [=>............................] - ETA: 15:30 - loss: 0.1734 - f1_score: 0.3889
 700/6728 [==>...........................] - ETA: 15:11 - loss: 0.1715 - f1_score: 0.3954
 800/6728 [==>...........................] - ETA: 14:54 - loss: 0.1691 - f1_score: 0.3982
 900/6728 [===>..........................] - ETA: 14:37 - loss: 0.1696 - f1_score: 0.3947
1000/6728 [===>..........................] - ETA: 14:19 - loss: 0.1710 - f1_score: 0.3943
1100/6728 [===>..........................] - ETA: 14:04 - loss: 0.1708 - f1_score: 0.3953
1200/6728 [====>.........................] - ETA: 13:47 - loss: 0.1710 - f1_score: 0.3913
1300/6728 [====>.........................] - ETA: 13:31 - loss: 0.1720 - f1_score: 0.3921
1400/6728 [=====>........................] - ETA: 13:14 - loss: 0.1716 - f1_score: 0.3960
1500/6728 [=====>........................] - ETA: 12:59 - loss: 0.1706 - f1_score: 0.3950
1600/6728 [======>.......................] - ETA: 12:44 - loss: 0.1699 - f1_score: 0.3926
1700/6728 [======>.......................] - ETA: 12:29 - loss: 0.1696 - f1_score: 0.3928
1800/6728 [=======>......................] - ETA: 12:13 - loss: 0.1693 - f1_score: 0.3930
1900/6728 [=======>......................] - ETA: 11:58 - loss: 0.1693 - f1_score: 0.3939
2000/6728 [=======>......................] - ETA: 11:42 - loss: 0.1683 - f1_score: 0.3949
2100/6728 [========>.....................] - ETA: 11:27 - loss: 0.1680 - f1_score: 0.3950
2200/6728 [========>.....................] - ETA: 11:13 - loss: 0.1686 - f1_score: 0.3944
2300/6728 [=========>....................] - ETA: 10:57 - loss: 0.1686 - f1_score: 0.3949
2400/6728 [=========>....................] - ETA: 10:42 - loss: 0.1691 - f1_score: 0.3947
2500/6728 [==========>...................] - ETA: 10:27 - loss: 0.1693 - f1_score: 0.3949
2600/6728 [==========>...................] - ETA: 10:12 - loss: 0.1693 - f1_score: 0.3937
2700/6728 [===========>..................] - ETA: 9:57 - loss: 0.1692 - f1_score: 0.3941 
2800/6728 [===========>..................] - ETA: 9:42 - loss: 0.1695 - f1_score: 0.3935
2900/6728 [===========>..................] - ETA: 9:27 - loss: 0.1691 - f1_score: 0.3932
3000/6728 [============>.................] - ETA: 9:12 - loss: 0.1691 - f1_score: 0.3940
3100/6728 [============>.................] - ETA: 8:57 - loss: 0.1691 - f1_score: 0.3940
3200/6728 [=============>................] - ETA: 8:42 - loss: 0.1693 - f1_score: 0.3941
3300/6728 [=============>................] - ETA: 8:27 - loss: 0.1692 - f1_score: 0.3941
3400/6728 [==============>...............] - ETA: 8:12 - loss: 0.1694 - f1_score: 0.3946
3500/6728 [==============>...............] - ETA: 7:57 - loss: 0.1693 - f1_score: 0.3959
3600/6728 [===============>..............] - ETA: 7:42 - loss: 0.1697 - f1_score: 0.3950
3700/6728 [===============>..............] - ETA: 7:27 - loss: 0.1700 - f1_score: 0.3946
3800/6728 [===============>..............] - ETA: 7:12 - loss: 0.1699 - f1_score: 0.3946
3900/6728 [================>.............] - ETA: 6:57 - loss: 0.1700 - f1_score: 0.3944
4000/6728 [================>.............] - ETA: 6:42 - loss: 0.1699 - f1_score: 0.3947
4100/6728 [=================>............] - ETA: 6:28 - loss: 0.1699 - f1_score: 0.3942
4200/6728 [=================>............] - ETA: 6:13 - loss: 0.1698 - f1_score: 0.3950
4300/6728 [==================>...........] - ETA: 5:58 - loss: 0.1699 - f1_score: 0.3955
4400/6728 [==================>...........] - ETA: 5:43 - loss: 0.1698 - f1_score: 0.3951
4500/6728 [===================>..........] - ETA: 5:28 - loss: 0.1699 - f1_score: 0.3940
4600/6728 [===================>..........] - ETA: 5:14 - loss: 0.1701 - f1_score: 0.3938
4700/6728 [===================>..........] - ETA: 4:59 - loss: 0.1702 - f1_score: 0.3941
4800/6728 [====================>.........] - ETA: 4:44 - loss: 0.1702 - f1_score: 0.3941
4900/6728 [====================>.........] - ETA: 4:29 - loss: 0.1702 - f1_score: 0.3940
5000/6728 [=====================>........] - ETA: 4:14 - loss: 0.1702 - f1_score: 0.3941
5100/6728 [=====================>........] - ETA: 4:00 - loss: 0.1701 - f1_score: 0.3941
5200/6728 [======================>.......] - ETA: 3:45 - loss: 0.1701 - f1_score: 0.3941
5300/6728 [======================>.......] - ETA: 3:30 - loss: 0.1700 - f1_score: 0.3941
5400/6728 [=======================>......] - ETA: 3:15 - loss: 0.1701 - f1_score: 0.3939
5500/6728 [=======================>......] - ETA: 3:01 - loss: 0.1701 - f1_score: 0.3939
5600/6728 [=======================>......] - ETA: 2:46 - loss: 0.1703 - f1_score: 0.3943
5700/6728 [========================>.....] - ETA: 2:31 - loss: 0.1704 - f1_score: 0.3945
5800/6728 [========================>.....] - ETA: 2:16 - loss: 0.1703 - f1_score: 0.3947
5900/6728 [=========================>....] - ETA: 2:02 - loss: 0.1703 - f1_score: 0.3947
6000/6728 [=========================>....] - ETA: 1:47 - loss: 0.1705 - f1_score: 0.3944
6100/6728 [==========================>...] - ETA: 1:32 - loss: 0.1703 - f1_score: 0.3941
6200/6728 [==========================>...] - ETA: 1:17 - loss: 0.1703 - f1_score: 0.3946
6300/6728 [===========================>..] - ETA: 1:03 - loss: 0.1703 - f1_score: 0.3942
6400/6728 [===========================>..] - ETA: 48s - loss: 0.1703 - f1_score: 0.3946 
6500/6728 [===========================>..] - ETA: 33s - loss: 0.1705 - f1_score: 0.3945
6600/6728 [============================>.] - ETA: 18s - loss: 0.1705 - f1_score: 0.3945
6700/6728 [============================>.] - ETA: 4s - loss: 0.1703 - f1_score: 0.3944 
6728/6728 [==============================] - 994s 148ms/step - loss: 0.1703 - f1_score: 0.3944 - val_loss: 0.3805 - val_f1_score: 0.5065

Epoch 00001: val_loss improved from inf to 0.38049, saving model to test_CNN_200_rot_dropout0.2.h5
Epoch 2/80

 100/6728 [..............................] - ETA: 16:14 - loss: 0.1772 - f1_score: 0.3975
 200/6728 [..............................] - ETA: 15:48 - loss: 0.1816 - f1_score: 0.3932
 300/6728 [>.............................] - ETA: 15:41 - loss: 0.1764 - f1_score: 0.3816
 400/6728 [>.............................] - ETA: 15:21 - loss: 0.1763 - f1_score: 0.3743
 500/6728 [=>............................] - ETA: 15:08 - loss: 0.1743 - f1_score: 0.3790
 600/6728 [=>............................] - ETA: 14:55 - loss: 0.1719 - f1_score: 0.3773
 700/6728 [==>...........................] - ETA: 14:41 - loss: 0.1737 - f1_score: 0.3786
 800/6728 [==>...........................] - ETA: 14:25 - loss: 0.1739 - f1_score: 0.3834
 900/6728 [===>..........................] - ETA: 14:10 - loss: 0.1731 - f1_score: 0.3827
1000/6728 [===>..........................] - ETA: 13:55 - loss: 0.1721 - f1_score: 0.3888
1100/6728 [===>..........................] - ETA: 13:40 - loss: 0.1723 - f1_score: 0.3913
1200/6728 [====>.........................] - ETA: 13:28 - loss: 0.1710 - f1_score: 0.3957
1300/6728 [====>.........................] - ETA: 13:14 - loss: 0.1706 - f1_score: 0.3941
1400/6728 [=====>........................] - ETA: 13:00 - loss: 0.1703 - f1_score: 0.3965
1500/6728 [=====>........................] - ETA: 12:46 - loss: 0.1698 - f1_score: 0.3971
1600/6728 [======>.......................] - ETA: 12:32 - loss: 0.1709 - f1_score: 0.3973
1700/6728 [======>.......................] - ETA: 12:16 - loss: 0.1712 - f1_score: 0.3985
1800/6728 [=======>......................] - ETA: 12:02 - loss: 0.1723 - f1_score: 0.3970
1900/6728 [=======>......................] - ETA: 11:47 - loss: 0.1721 - f1_score: 0.3972
2000/6728 [=======>......................] - ETA: 11:33 - loss: 0.1727 - f1_score: 0.3960
2100/6728 [========>.....................] - ETA: 11:18 - loss: 0.1727 - f1_score: 0.3958
2200/6728 [========>.....................] - ETA: 11:03 - loss: 0.1724 - f1_score: 0.3951
2300/6728 [=========>....................] - ETA: 10:49 - loss: 0.1717 - f1_score: 0.3963
2400/6728 [=========>....................] - ETA: 10:34 - loss: 0.1715 - f1_score: 0.3957
2500/6728 [==========>...................] - ETA: 10:19 - loss: 0.1721 - f1_score: 0.3965
2600/6728 [==========>...................] - ETA: 10:04 - loss: 0.1721 - f1_score: 0.3974
2700/6728 [===========>..................] - ETA: 9:50 - loss: 0.1718 - f1_score: 0.3977 
2800/6728 [===========>..................] - ETA: 9:35 - loss: 0.1714 - f1_score: 0.3972
2900/6728 [===========>..................] - ETA: 9:20 - loss: 0.1715 - f1_score: 0.3970
3000/6728 [============>.................] - ETA: 9:05 - loss: 0.1714 - f1_score: 0.3967
3100/6728 [============>.................] - ETA: 8:51 - loss: 0.1712 - f1_score: 0.3979
3200/6728 [=============>................] - ETA: 8:36 - loss: 0.1717 - f1_score: 0.3984
3300/6728 [=============>................] - ETA: 8:21 - loss: 0.1718 - f1_score: 0.3990
3400/6728 [==============>...............] - ETA: 8:07 - loss: 0.1720 - f1_score: 0.3998
3500/6728 [==============>...............] - ETA: 7:52 - loss: 0.1721 - f1_score: 0.3998
3600/6728 [===============>..............] - ETA: 7:37 - loss: 0.1724 - f1_score: 0.3988
3700/6728 [===============>..............] - ETA: 7:23 - loss: 0.1724 - f1_score: 0.3989
3800/6728 [===============>..............] - ETA: 7:08 - loss: 0.1724 - f1_score: 0.3982
3900/6728 [================>.............] - ETA: 6:53 - loss: 0.1720 - f1_score: 0.3989
4000/6728 [================>.............] - ETA: 6:38 - loss: 0.1724 - f1_score: 0.3986
4100/6728 [=================>............] - ETA: 6:24 - loss: 0.1721 - f1_score: 0.3973
4200/6728 [=================>............] - ETA: 6:09 - loss: 0.1721 - f1_score: 0.3969
4300/6728 [==================>...........] - ETA: 5:55 - loss: 0.1722 - f1_score: 0.3964
4400/6728 [==================>...........] - ETA: 5:40 - loss: 0.1721 - f1_score: 0.3970
4500/6728 [===================>..........] - ETA: 5:25 - loss: 0.1722 - f1_score: 0.3970
4600/6728 [===================>..........] - ETA: 5:11 - loss: 0.1718 - f1_score: 0.3968
4700/6728 [===================>..........] - ETA: 4:56 - loss: 0.1715 - f1_score: 0.3972
4800/6728 [====================>.........] - ETA: 4:41 - loss: 0.1715 - f1_score: 0.3974
4900/6728 [====================>.........] - ETA: 4:27 - loss: 0.1711 - f1_score: 0.3979
5000/6728 [=====================>........] - ETA: 4:12 - loss: 0.1711 - f1_score: 0.3981
5100/6728 [=====================>........] - ETA: 3:58 - loss: 0.1710 - f1_score: 0.3980
5200/6728 [======================>.......] - ETA: 3:43 - loss: 0.1713 - f1_score: 0.3978
5300/6728 [======================>.......] - ETA: 3:28 - loss: 0.1712 - f1_score: 0.3980
5400/6728 [=======================>......] - ETA: 3:14 - loss: 0.1711 - f1_score: 0.3973
5500/6728 [=======================>......] - ETA: 2:59 - loss: 0.1711 - f1_score: 0.3971
5600/6728 [=======================>......] - ETA: 2:45 - loss: 0.1710 - f1_score: 0.3968
5700/6728 [========================>.....] - ETA: 2:30 - loss: 0.1709 - f1_score: 0.3968
5800/6728 [========================>.....] - ETA: 2:15 - loss: 0.1708 - f1_score: 0.3967
5900/6728 [=========================>....] - ETA: 2:01 - loss: 0.1707 - f1_score: 0.3959
6000/6728 [=========================>....] - ETA: 1:46 - loss: 0.1708 - f1_score: 0.3957
6100/6728 [==========================>...] - ETA: 1:31 - loss: 0.1707 - f1_score: 0.3950
6200/6728 [==========================>...] - ETA: 1:17 - loss: 0.1706 - f1_score: 0.3947
6300/6728 [===========================>..] - ETA: 1:02 - loss: 0.1706 - f1_score: 0.3950
6400/6728 [===========================>..] - ETA: 48s - loss: 0.1705 - f1_score: 0.3952 
6500/6728 [===========================>..] - ETA: 33s - loss: 0.1703 - f1_score: 0.3952
6600/6728 [============================>.] - ETA: 18s - loss: 0.1700 - f1_score: 0.3954
6700/6728 [============================>.] - ETA: 4s - loss: 0.1700 - f1_score: 0.3956 
6728/6728 [==============================] - 986s 147ms/step - loss: 0.1700 - f1_score: 0.3957 - val_loss: 0.3817 - val_f1_score: 0.5023

Epoch 00002: val_loss did not improve from 0.38049
Epoch 3/80

 100/6728 [..............................] - ETA: 16:07 - loss: 0.1660 - f1_score: 0.4566
 200/6728 [..............................] - ETA: 15:51 - loss: 0.1656 - f1_score: 0.4231
 300/6728 [>.............................] - ETA: 15:36 - loss: 0.1706 - f1_score: 0.4252
 400/6728 [>.............................] - ETA: 15:20 - loss: 0.1694 - f1_score: 0.4132
 500/6728 [=>............................] - ETA: 15:07 - loss: 0.1712 - f1_score: 0.4064
 600/6728 [=>............................] - ETA: 14:52 - loss: 0.1707 - f1_score: 0.4053
 700/6728 [==>...........................] - ETA: 14:38 - loss: 0.1699 - f1_score: 0.4064
 800/6728 [==>...........................] - ETA: 14:24 - loss: 0.1697 - f1_score: 0.4072
 900/6728 [===>..........................] - ETA: 14:09 - loss: 0.1692 - f1_score: 0.4036
1000/6728 [===>..........................] - ETA: 13:54 - loss: 0.1687 - f1_score: 0.4015
1100/6728 [===>..........................] - ETA: 13:40 - loss: 0.1693 - f1_score: 0.4009
1200/6728 [====>.........................] - ETA: 13:25 - loss: 0.1697 - f1_score: 0.4010
1300/6728 [====>.........................] - ETA: 13:12 - loss: 0.1705 - f1_score: 0.4044
1400/6728 [=====>........................] - ETA: 12:58 - loss: 0.1702 - f1_score: 0.4037
1500/6728 [=====>........................] - ETA: 12:43 - loss: 0.1698 - f1_score: 0.4020
1600/6728 [======>.......................] - ETA: 12:29 - loss: 0.1697 - f1_score: 0.4019
1700/6728 [======>.......................] - ETA: 12:14 - loss: 0.1691 - f1_score: 0.4010
1800/6728 [=======>......................] - ETA: 12:00 - loss: 0.1685 - f1_score: 0.4008
1900/6728 [=======>......................] - ETA: 11:45 - loss: 0.1688 - f1_score: 0.4014
2000/6728 [=======>......................] - ETA: 11:31 - loss: 0.1690 - f1_score: 0.4005
2100/6728 [========>.....................] - ETA: 11:16 - loss: 0.1690 - f1_score: 0.4027
2200/6728 [========>.....................] - ETA: 11:01 - loss: 0.1688 - f1_score: 0.4018
2300/6728 [=========>....................] - ETA: 10:47 - loss: 0.1689 - f1_score: 0.4025
2400/6728 [=========>....................] - ETA: 10:32 - loss: 0.1687 - f1_score: 0.4015
2500/6728 [==========>...................] - ETA: 10:17 - loss: 0.1687 - f1_score: 0.4005
2600/6728 [==========>...................] - ETA: 10:03 - loss: 0.1685 - f1_score: 0.4008
2700/6728 [===========>..................] - ETA: 9:48 - loss: 0.1686 - f1_score: 0.4010 
2800/6728 [===========>..................] - ETA: 9:34 - loss: 0.1684 - f1_score: 0.4011
2900/6728 [===========>..................] - ETA: 9:19 - loss: 0.1684 - f1_score: 0.4016
3000/6728 [============>.................] - ETA: 9:04 - loss: 0.1688 - f1_score: 0.4017
3100/6728 [============>.................] - ETA: 8:50 - loss: 0.1697 - f1_score: 0.4016
3200/6728 [=============>................] - ETA: 8:35 - loss: 0.1695 - f1_score: 0.4018
3300/6728 [=============>................] - ETA: 8:20 - loss: 0.1697 - f1_score: 0.4023
3400/6728 [==============>...............] - ETA: 8:06 - loss: 0.1704 - f1_score: 0.4014
3500/6728 [==============>...............] - ETA: 7:52 - loss: 0.1713 - f1_score: 0.4011
3600/6728 [===============>..............] - ETA: 7:37 - loss: 0.1712 - f1_score: 0.4000
3700/6728 [===============>..............] - ETA: 7:23 - loss: 0.1711 - f1_score: 0.3997
3800/6728 [===============>..............] - ETA: 7:08 - loss: 0.1711 - f1_score: 0.3996
3900/6728 [================>.............] - ETA: 6:54 - loss: 0.1711 - f1_score: 0.3991
4000/6728 [================>.............] - ETA: 6:39 - loss: 0.1711 - f1_score: 0.3993
4100/6728 [=================>............] - ETA: 6:24 - loss: 0.1710 - f1_score: 0.3992
4200/6728 [=================>............] - ETA: 6:10 - loss: 0.1705 - f1_score: 0.3991
4300/6728 [==================>...........] - ETA: 5:55 - loss: 0.1705 - f1_score: 0.3981
4400/6728 [==================>...........] - ETA: 5:40 - loss: 0.1702 - f1_score: 0.3981
4500/6728 [===================>..........] - ETA: 5:25 - loss: 0.1703 - f1_score: 0.3981
4600/6728 [===================>..........] - ETA: 5:11 - loss: 0.1703 - f1_score: 0.3984
4700/6728 [===================>..........] - ETA: 4:56 - loss: 0.1703 - f1_score: 0.3981
4800/6728 [====================>.........] - ETA: 4:42 - loss: 0.1703 - f1_score: 0.3979
4900/6728 [====================>.........] - ETA: 4:27 - loss: 0.1705 - f1_score: 0.3966
5000/6728 [=====================>........] - ETA: 4:12 - loss: 0.1705 - f1_score: 0.3959
5100/6728 [=====================>........] - ETA: 3:58 - loss: 0.1703 - f1_score: 0.3956
5200/6728 [======================>.......] - ETA: 3:43 - loss: 0.1702 - f1_score: 0.3954
5300/6728 [======================>.......] - ETA: 3:28 - loss: 0.1701 - f1_score: 0.3958
5400/6728 [=======================>......] - ETA: 3:14 - loss: 0.1700 - f1_score: 0.3956
5500/6728 [=======================>......] - ETA: 2:59 - loss: 0.1699 - f1_score: 0.3963
5600/6728 [=======================>......] - ETA: 2:44 - loss: 0.1697 - f1_score: 0.3967
5700/6728 [========================>.....] - ETA: 2:30 - loss: 0.1697 - f1_score: 0.3962
5800/6728 [========================>.....] - ETA: 2:15 - loss: 0.1698 - f1_score: 0.3966
5900/6728 [=========================>....] - ETA: 2:01 - loss: 0.1697 - f1_score: 0.3965
6000/6728 [=========================>....] - ETA: 1:46 - loss: 0.1696 - f1_score: 0.3969
6100/6728 [==========================>...] - ETA: 1:31 - loss: 0.1694 - f1_score: 0.3962
6200/6728 [==========================>...] - ETA: 1:17 - loss: 0.1695 - f1_score: 0.3958
6300/6728 [===========================>..] - ETA: 1:02 - loss: 0.1694 - f1_score: 0.3956
6400/6728 [===========================>..] - ETA: 47s - loss: 0.1693 - f1_score: 0.3956 
6500/6728 [===========================>..] - ETA: 33s - loss: 0.1693 - f1_score: 0.3957
6600/6728 [============================>.] - ETA: 18s - loss: 0.1692 - f1_score: 0.3955
6700/6728 [============================>.] - ETA: 4s - loss: 0.1693 - f1_score: 0.3956 
6728/6728 [==============================] - 984s 146ms/step - loss: 0.1693 - f1_score: 0.3956 - val_loss: 0.3809 - val_f1_score: 0.5032

Epoch 00003: val_loss did not improve from 0.38049
Epoch 4/80

 100/6728 [..............................] - ETA: 15:52 - loss: 0.1552 - f1_score: 0.4162
 200/6728 [..............................] - ETA: 15:54 - loss: 0.1618 - f1_score: 0.4111
 300/6728 [>.............................] - ETA: 15:37 - loss: 0.1608 - f1_score: 0.4082
 400/6728 [>.............................] - ETA: 15:27 - loss: 0.1620 - f1_score: 0.4174
 500/6728 [=>............................] - ETA: 15:12 - loss: 0.1625 - f1_score: 0.4143
 600/6728 [=>............................] - ETA: 14:59 - loss: 0.1610 - f1_score: 0.4076
 700/6728 [==>...........................] - ETA: 14:44 - loss: 0.1615 - f1_score: 0.4074
 800/6728 [==>...........................] - ETA: 14:29 - loss: 0.1631 - f1_score: 0.4055
 900/6728 [===>..........................] - ETA: 14:13 - loss: 0.1642 - f1_score: 0.4057
1000/6728 [===>..........................] - ETA: 13:58 - loss: 0.1658 - f1_score: 0.4004
1100/6728 [===>..........................] - ETA: 13:46 - loss: 0.1666 - f1_score: 0.3974
1200/6728 [====>.........................] - ETA: 13:31 - loss: 0.1667 - f1_score: 0.3978
1300/6728 [====>.........................] - ETA: 13:14 - loss: 0.1665 - f1_score: 0.3961
1400/6728 [=====>........................] - ETA: 13:00 - loss: 0.1666 - f1_score: 0.3933
1500/6728 [=====>........................] - ETA: 12:46 - loss: 0.1668 - f1_score: 0.3917
1600/6728 [======>.......................] - ETA: 12:31 - loss: 0.1665 - f1_score: 0.3901
1700/6728 [======>.......................] - ETA: 12:16 - loss: 0.1673 - f1_score: 0.3903
1800/6728 [=======>......................] - ETA: 12:01 - loss: 0.1672 - f1_score: 0.3905
1900/6728 [=======>......................] - ETA: 11:47 - loss: 0.1666 - f1_score: 0.3885
2000/6728 [=======>......................] - ETA: 11:33 - loss: 0.1670 - f1_score: 0.3901
2100/6728 [========>.....................] - ETA: 11:18 - loss: 0.1673 - f1_score: 0.3912
2200/6728 [========>.....................] - ETA: 11:03 - loss: 0.1678 - f1_score: 0.3904
2300/6728 [=========>....................] - ETA: 10:48 - loss: 0.1676 - f1_score: 0.3896
2400/6728 [=========>....................] - ETA: 10:33 - loss: 0.1674 - f1_score: 0.3906
2500/6728 [==========>...................] - ETA: 10:19 - loss: 0.1673 - f1_score: 0.3909
2600/6728 [==========>...................] - ETA: 10:04 - loss: 0.1672 - f1_score: 0.3916
2700/6728 [===========>..................] - ETA: 9:49 - loss: 0.1674 - f1_score: 0.3909 
2800/6728 [===========>..................] - ETA: 9:34 - loss: 0.1675 - f1_score: 0.3912
2900/6728 [===========>..................] - ETA: 9:19 - loss: 0.1679 - f1_score: 0.3909
3000/6728 [============>.................] - ETA: 9:05 - loss: 0.1683 - f1_score: 0.3902
3100/6728 [============>.................] - ETA: 8:50 - loss: 0.1683 - f1_score: 0.3902
3200/6728 [=============>................] - ETA: 8:36 - loss: 0.1685 - f1_score: 0.3907
3300/6728 [=============>................] - ETA: 8:21 - loss: 0.1684 - f1_score: 0.3914
3400/6728 [==============>...............] - ETA: 8:06 - loss: 0.1683 - f1_score: 0.3908
3500/6728 [==============>...............] - ETA: 7:52 - loss: 0.1683 - f1_score: 0.3920
3600/6728 [===============>..............] - ETA: 7:37 - loss: 0.1680 - f1_score: 0.3925
3700/6728 [===============>..............] - ETA: 7:23 - loss: 0.1679 - f1_score: 0.3926
3800/6728 [===============>..............] - ETA: 7:08 - loss: 0.1680 - f1_score: 0.3924
3900/6728 [================>.............] - ETA: 6:54 - loss: 0.1684 - f1_score: 0.3927
4000/6728 [================>.............] - ETA: 6:39 - loss: 0.1683 - f1_score: 0.3920
4100/6728 [=================>............] - ETA: 6:25 - loss: 0.1682 - f1_score: 0.3916
4200/6728 [=================>............] - ETA: 6:10 - loss: 0.1682 - f1_score: 0.3918
4300/6728 [==================>...........] - ETA: 5:55 - loss: 0.1684 - f1_score: 0.3923
4400/6728 [==================>...........] - ETA: 5:41 - loss: 0.1685 - f1_score: 0.3931
4500/6728 [===================>..........] - ETA: 5:26 - loss: 0.1687 - f1_score: 0.3933
4600/6728 [===================>..........] - ETA: 5:11 - loss: 0.1687 - f1_score: 0.3939
4700/6728 [===================>..........] - ETA: 4:57 - loss: 0.1693 - f1_score: 0.3938
4800/6728 [====================>.........] - ETA: 4:42 - loss: 0.1691 - f1_score: 0.3949
4900/6728 [====================>.........] - ETA: 4:27 - loss: 0.1690 - f1_score: 0.3953
5000/6728 [=====================>........] - ETA: 4:13 - loss: 0.1692 - f1_score: 0.3954
5100/6728 [=====================>........] - ETA: 3:58 - loss: 0.1691 - f1_score: 0.3950
5200/6728 [======================>.......] - ETA: 3:43 - loss: 0.1690 - f1_score: 0.3951
5300/6728 [======================>.......] - ETA: 3:29 - loss: 0.1692 - f1_score: 0.3956
5400/6728 [=======================>......] - ETA: 3:14 - loss: 0.1693 - f1_score: 0.3963
5500/6728 [=======================>......] - ETA: 2:59 - loss: 0.1692 - f1_score: 0.3960
5600/6728 [=======================>......] - ETA: 2:45 - loss: 0.1692 - f1_score: 0.3966
5700/6728 [========================>.....] - ETA: 2:30 - loss: 0.1689 - f1_score: 0.3964
5800/6728 [========================>.....] - ETA: 2:15 - loss: 0.1689 - f1_score: 0.3968
5900/6728 [=========================>....] - ETA: 2:01 - loss: 0.1690 - f1_score: 0.3969
6000/6728 [=========================>....] - ETA: 1:46 - loss: 0.1691 - f1_score: 0.3970
6100/6728 [==========================>...] - ETA: 1:32 - loss: 0.1690 - f1_score: 0.3969
6200/6728 [==========================>...] - ETA: 1:17 - loss: 0.1690 - f1_score: 0.3964
6300/6728 [===========================>..] - ETA: 1:02 - loss: 0.1690 - f1_score: 0.3965
6400/6728 [===========================>..] - ETA: 48s - loss: 0.1692 - f1_score: 0.3966 
6500/6728 [===========================>..] - ETA: 33s - loss: 0.1690 - f1_score: 0.3960
6600/6728 [============================>.] - ETA: 18s - loss: 0.1690 - f1_score: 0.3958
6700/6728 [============================>.] - ETA: 4s - loss: 0.1688 - f1_score: 0.3960 
6728/6728 [==============================] - 986s 147ms/step - loss: 0.1689 - f1_score: 0.3961 - val_loss: 0.3848 - val_f1_score: 0.5043

Epoch 00004: val_loss did not improve from 0.38049
Epoch 5/80

 100/6728 [..............................] - ETA: 16:23 - loss: 0.1786 - f1_score: 0.3916
 200/6728 [..............................] - ETA: 16:03 - loss: 0.1803 - f1_score: 0.3917
 300/6728 [>.............................] - ETA: 15:49 - loss: 0.1787 - f1_score: 0.4044
 400/6728 [>.............................] - ETA: 15:33 - loss: 0.1753 - f1_score: 0.3989
 500/6728 [=>............................] - ETA: 15:17 - loss: 0.1716 - f1_score: 0.3909
 600/6728 [=>............................] - ETA: 15:03 - loss: 0.1751 - f1_score: 0.3909
 700/6728 [==>...........................] - ETA: 14:48 - loss: 0.1748 - f1_score: 0.3967
 800/6728 [==>...........................] - ETA: 14:31 - loss: 0.1725 - f1_score: 0.4010
 900/6728 [===>..........................] - ETA: 14:17 - loss: 0.1711 - f1_score: 0.4019
1000/6728 [===>..........................] - ETA: 14:01 - loss: 0.1700 - f1_score: 0.4032
1100/6728 [===>..........................] - ETA: 13:46 - loss: 0.1688 - f1_score: 0.4045
1200/6728 [====>.........................] - ETA: 13:31 - loss: 0.1685 - f1_score: 0.4052
1300/6728 [====>.........................] - ETA: 13:16 - loss: 0.1689 - f1_score: 0.4053
1400/6728 [=====>........................] - ETA: 13:02 - loss: 0.1696 - f1_score: 0.4056
1500/6728 [=====>........................] - ETA: 12:47 - loss: 0.1701 - f1_score: 0.4072
1600/6728 [======>.......................] - ETA: 12:32 - loss: 0.1699 - f1_score: 0.4064
1700/6728 [======>.......................] - ETA: 12:17 - loss: 0.1692 - f1_score: 0.4063
1800/6728 [=======>......................] - ETA: 12:02 - loss: 0.1683 - f1_score: 0.4057
1900/6728 [=======>......................] - ETA: 11:47 - loss: 0.1683 - f1_score: 0.4049
2000/6728 [=======>......................] - ETA: 11:32 - loss: 0.1678 - f1_score: 0.4044
2100/6728 [========>.....................] - ETA: 11:17 - loss: 0.1679 - f1_score: 0.4029
2200/6728 [========>.....................] - ETA: 11:02 - loss: 0.1681 - f1_score: 0.4030
2300/6728 [=========>....................] - ETA: 10:47 - loss: 0.1690 - f1_score: 0.4027
2400/6728 [=========>....................] - ETA: 10:33 - loss: 0.1690 - f1_score: 0.4020
2500/6728 [==========>...................] - ETA: 10:18 - loss: 0.1693 - f1_score: 0.3999
2600/6728 [==========>...................] - ETA: 10:03 - loss: 0.1692 - f1_score: 0.3991
2700/6728 [===========>..................] - ETA: 9:48 - loss: 0.1693 - f1_score: 0.3978 
2800/6728 [===========>..................] - ETA: 9:34 - loss: 0.1691 - f1_score: 0.3975
2900/6728 [===========>..................] - ETA: 9:19 - loss: 0.1690 - f1_score: 0.3985
3000/6728 [============>.................] - ETA: 9:04 - loss: 0.1687 - f1_score: 0.3986
3100/6728 [============>.................] - ETA: 8:49 - loss: 0.1686 - f1_score: 0.3976
3200/6728 [=============>................] - ETA: 8:35 - loss: 0.1686 - f1_score: 0.3991
3300/6728 [=============>................] - ETA: 8:20 - loss: 0.1689 - f1_score: 0.3979
3400/6728 [==============>...............] - ETA: 8:06 - loss: 0.1692 - f1_score: 0.3987
3500/6728 [==============>...............] - ETA: 7:51 - loss: 0.1690 - f1_score: 0.3981
3600/6728 [===============>..............] - ETA: 7:37 - loss: 0.1698 - f1_score: 0.3987
3700/6728 [===============>..............] - ETA: 7:22 - loss: 0.1699 - f1_score: 0.3992
3800/6728 [===============>..............] - ETA: 7:07 - loss: 0.1697 - f1_score: 0.3987
3900/6728 [================>.............] - ETA: 6:53 - loss: 0.1699 - f1_score: 0.3985
4000/6728 [================>.............] - ETA: 6:38 - loss: 0.1699 - f1_score: 0.3980
4100/6728 [=================>............] - ETA: 6:23 - loss: 0.1698 - f1_score: 0.3980
4200/6728 [=================>............] - ETA: 6:08 - loss: 0.1698 - f1_score: 0.3979
4300/6728 [==================>...........] - ETA: 5:54 - loss: 0.1701 - f1_score: 0.3980
4400/6728 [==================>...........] - ETA: 5:39 - loss: 0.1697 - f1_score: 0.3978
4500/6728 [===================>..........] - ETA: 5:25 - loss: 0.1698 - f1_score: 0.3977
4600/6728 [===================>..........] - ETA: 5:10 - loss: 0.1695 - f1_score: 0.3975
4700/6728 [===================>..........] - ETA: 4:55 - loss: 0.1693 - f1_score: 0.3974
4800/6728 [====================>.........] - ETA: 4:41 - loss: 0.1693 - f1_score: 0.3970
4900/6728 [====================>.........] - ETA: 4:26 - loss: 0.1692 - f1_score: 0.3971
5000/6728 [=====================>........] - ETA: 4:12 - loss: 0.1687 - f1_score: 0.3966
5100/6728 [=====================>........] - ETA: 3:57 - loss: 0.1691 - f1_score: 0.3969
5200/6728 [======================>.......] - ETA: 3:42 - loss: 0.1690 - f1_score: 0.3969
5300/6728 [======================>.......] - ETA: 3:28 - loss: 0.1688 - f1_score: 0.3974
5400/6728 [=======================>......] - ETA: 3:13 - loss: 0.1686 - f1_score: 0.3976
5500/6728 [=======================>......] - ETA: 2:59 - loss: 0.1687 - f1_score: 0.3974
5600/6728 [=======================>......] - ETA: 2:44 - loss: 0.1686 - f1_score: 0.3974
5700/6728 [========================>.....] - ETA: 2:29 - loss: 0.1687 - f1_score: 0.3973
5800/6728 [========================>.....] - ETA: 2:15 - loss: 0.1686 - f1_score: 0.3967
5900/6728 [=========================>....] - ETA: 2:00 - loss: 0.1686 - f1_score: 0.3963
6000/6728 [=========================>....] - ETA: 1:46 - loss: 0.1686 - f1_score: 0.3969
6100/6728 [==========================>...] - ETA: 1:31 - loss: 0.1687 - f1_score: 0.3969
6200/6728 [==========================>...] - ETA: 1:17 - loss: 0.1686 - f1_score: 0.3975
6300/6728 [===========================>..] - ETA: 1:02 - loss: 0.1685 - f1_score: 0.3970
6400/6728 [===========================>..] - ETA: 47s - loss: 0.1686 - f1_score: 0.3975 
6500/6728 [===========================>..] - ETA: 33s - loss: 0.1684 - f1_score: 0.3972
6600/6728 [============================>.] - ETA: 18s - loss: 0.1685 - f1_score: 0.3974
6700/6728 [============================>.] - ETA: 4s - loss: 0.1684 - f1_score: 0.3980 
6728/6728 [==============================] - 981s 146ms/step - loss: 0.1684 - f1_score: 0.3979 - val_loss: 0.3858 - val_f1_score: 0.4994

Epoch 00005: val_loss did not improve from 0.38049
Epoch 6/80

 100/6728 [..............................] - ETA: 16:12 - loss: 0.1771 - f1_score: 0.3580
 200/6728 [..............................] - ETA: 15:57 - loss: 0.1712 - f1_score: 0.3693
 300/6728 [>.............................] - ETA: 15:46 - loss: 0.1721 - f1_score: 0.3886
 400/6728 [>.............................] - ETA: 15:35 - loss: 0.1704 - f1_score: 0.3909
 500/6728 [=>............................] - ETA: 15:19 - loss: 0.1689 - f1_score: 0.3974
 600/6728 [=>............................] - ETA: 15:01 - loss: 0.1701 - f1_score: 0.3918
 700/6728 [==>...........................] - ETA: 14:47 - loss: 0.1683 - f1_score: 0.3919
 800/6728 [==>...........................] - ETA: 14:30 - loss: 0.1670 - f1_score: 0.3924
 900/6728 [===>..........................] - ETA: 14:16 - loss: 0.1665 - f1_score: 0.3949
1000/6728 [===>..........................] - ETA: 14:00 - loss: 0.1663 - f1_score: 0.3920
1100/6728 [===>..........................] - ETA: 13:44 - loss: 0.1681 - f1_score: 0.3920
1200/6728 [====>.........................] - ETA: 13:30 - loss: 0.1680 - f1_score: 0.3957
1300/6728 [====>.........................] - ETA: 13:15 - loss: 0.1683 - f1_score: 0.3958
1400/6728 [=====>........................] - ETA: 13:00 - loss: 0.1689 - f1_score: 0.3971
1500/6728 [=====>........................] - ETA: 12:45 - loss: 0.1685 - f1_score: 0.3985
1600/6728 [======>.......................] - ETA: 12:30 - loss: 0.1692 - f1_score: 0.3993
1700/6728 [======>.......................] - ETA: 12:16 - loss: 0.1690 - f1_score: 0.3984
1800/6728 [=======>......................] - ETA: 12:02 - loss: 0.1695 - f1_score: 0.3969
1900/6728 [=======>......................] - ETA: 11:47 - loss: 0.1701 - f1_score: 0.3958
2000/6728 [=======>......................] - ETA: 11:32 - loss: 0.1696 - f1_score: 0.3965
2100/6728 [========>.....................] - ETA: 11:18 - loss: 0.1695 - f1_score: 0.3981
2200/6728 [========>.....................] - ETA: 11:03 - loss: 0.1694 - f1_score: 0.3982
2300/6728 [=========>....................] - ETA: 10:48 - loss: 0.1693 - f1_score: 0.3996
2400/6728 [=========>....................] - ETA: 10:34 - loss: 0.1690 - f1_score: 0.3982
2500/6728 [==========>...................] - ETA: 10:19 - loss: 0.1692 - f1_score: 0.3982
2600/6728 [==========>...................] - ETA: 10:05 - loss: 0.1697 - f1_score: 0.3970
2700/6728 [===========>..................] - ETA: 9:50 - loss: 0.1692 - f1_score: 0.3962 
2800/6728 [===========>..................] - ETA: 9:35 - loss: 0.1692 - f1_score: 0.3963
2900/6728 [===========>..................] - ETA: 9:21 - loss: 0.1690 - f1_score: 0.3983
3000/6728 [============>.................] - ETA: 9:07 - loss: 0.1693 - f1_score: 0.3973
3100/6728 [============>.................] - ETA: 8:52 - loss: 0.1693 - f1_score: 0.3971
3200/6728 [=============>................] - ETA: 8:37 - loss: 0.1687 - f1_score: 0.3973
3300/6728 [=============>................] - ETA: 8:22 - loss: 0.1685 - f1_score: 0.3978
3400/6728 [==============>...............] - ETA: 8:08 - loss: 0.1681 - f1_score: 0.3980
3500/6728 [==============>...............] - ETA: 7:53 - loss: 0.1682 - f1_score: 0.3982
3600/6728 [===============>..............] - ETA: 7:38 - loss: 0.1687 - f1_score: 0.3977
3700/6728 [===============>..............] - ETA: 7:23 - loss: 0.1688 - f1_score: 0.3970
3800/6728 [===============>..............] - ETA: 7:09 - loss: 0.1687 - f1_score: 0.3977
3900/6728 [================>.............] - ETA: 6:54 - loss: 0.1685 - f1_score: 0.3982
4000/6728 [================>.............] - ETA: 6:39 - loss: 0.1685 - f1_score: 0.3979
4100/6728 [=================>............] - ETA: 6:24 - loss: 0.1688 - f1_score: 0.3978
4200/6728 [=================>............] - ETA: 6:10 - loss: 0.1689 - f1_score: 0.3976
4300/6728 [==================>...........] - ETA: 5:55 - loss: 0.1691 - f1_score: 0.3970
4400/6728 [==================>...........] - ETA: 5:41 - loss: 0.1690 - f1_score: 0.3965
4500/6728 [===================>..........] - ETA: 5:26 - loss: 0.1690 - f1_score: 0.3974
4600/6728 [===================>..........] - ETA: 5:11 - loss: 0.1691 - f1_score: 0.3972
4700/6728 [===================>..........] - ETA: 4:56 - loss: 0.1691 - f1_score: 0.3975
4800/6728 [====================>.........] - ETA: 4:42 - loss: 0.1691 - f1_score: 0.3978
4900/6728 [====================>.........] - ETA: 4:27 - loss: 0.1691 - f1_score: 0.3980
5000/6728 [=====================>........] - ETA: 4:12 - loss: 0.1690 - f1_score: 0.3984
5100/6728 [=====================>........] - ETA: 3:58 - loss: 0.1689 - f1_score: 0.3982
5200/6728 [======================>.......] - ETA: 3:43 - loss: 0.1690 - f1_score: 0.3980
5300/6728 [======================>.......] - ETA: 3:28 - loss: 0.1688 - f1_score: 0.3980
5400/6728 [=======================>......] - ETA: 3:14 - loss: 0.1690 - f1_score: 0.3975
5500/6728 [=======================>......] - ETA: 2:59 - loss: 0.1692 - f1_score: 0.3976
5600/6728 [=======================>......] - ETA: 2:45 - loss: 0.1691 - f1_score: 0.3971
5700/6728 [========================>.....] - ETA: 2:30 - loss: 0.1691 - f1_score: 0.3970
5800/6728 [========================>.....] - ETA: 2:15 - loss: 0.1688 - f1_score: 0.3973
5900/6728 [=========================>....] - ETA: 2:01 - loss: 0.1687 - f1_score: 0.3977
6000/6728 [=========================>....] - ETA: 1:46 - loss: 0.1686 - f1_score: 0.3983
6100/6728 [==========================>...] - ETA: 1:31 - loss: 0.1685 - f1_score: 0.3983
6200/6728 [==========================>...] - ETA: 1:17 - loss: 0.1685 - f1_score: 0.3985
6300/6728 [===========================>..] - ETA: 1:02 - loss: 0.1684 - f1_score: 0.3982
6400/6728 [===========================>..] - ETA: 47s - loss: 0.1681 - f1_score: 0.3985 
6500/6728 [===========================>..] - ETA: 33s - loss: 0.1681 - f1_score: 0.3985
6600/6728 [============================>.] - ETA: 18s - loss: 0.1681 - f1_score: 0.3990
6700/6728 [============================>.] - ETA: 4s - loss: 0.1679 - f1_score: 0.3989 
6728/6728 [==============================] - 984s 146ms/step - loss: 0.1679 - f1_score: 0.3989 - val_loss: 0.3835 - val_f1_score: 0.5016

Epoch 00006: val_loss did not improve from 0.38049
Epoch 7/80

 100/6728 [..............................] - ETA: 16:08 - loss: 0.1652 - f1_score: 0.3994
 200/6728 [..............................] - ETA: 15:50 - loss: 0.1682 - f1_score: 0.3865
 300/6728 [>.............................] - ETA: 15:42 - loss: 0.1671 - f1_score: 0.3830
 400/6728 [>.............................] - ETA: 15:27 - loss: 0.1687 - f1_score: 0.3879
 500/6728 [=>............................] - ETA: 15:09 - loss: 0.1681 - f1_score: 0.3960
 600/6728 [=>............................] - ETA: 14:55 - loss: 0.1665 - f1_score: 0.3965
 700/6728 [==>...........................] - ETA: 14:41 - loss: 0.1685 - f1_score: 0.3948
 800/6728 [==>...........................] - ETA: 14:28 - loss: 0.1684 - f1_score: 0.3937
 900/6728 [===>..........................] - ETA: 14:14 - loss: 0.1682 - f1_score: 0.3944
1000/6728 [===>..........................] - ETA: 13:59 - loss: 0.1678 - f1_score: 0.3975
1100/6728 [===>..........................] - ETA: 13:44 - loss: 0.1680 - f1_score: 0.3998
1200/6728 [====>.........................] - ETA: 13:29 - loss: 0.1681 - f1_score: 0.4002
1300/6728 [====>.........................] - ETA: 13:14 - loss: 0.1681 - f1_score: 0.3985
1400/6728 [=====>........................] - ETA: 12:58 - loss: 0.1669 - f1_score: 0.3994
1500/6728 [=====>........................] - ETA: 12:44 - loss: 0.1675 - f1_score: 0.3993
1600/6728 [======>.......................] - ETA: 12:29 - loss: 0.1672 - f1_score: 0.3980
1700/6728 [======>.......................] - ETA: 12:14 - loss: 0.1671 - f1_score: 0.3970
1800/6728 [=======>......................] - ETA: 11:59 - loss: 0.1670 - f1_score: 0.3974
1900/6728 [=======>......................] - ETA: 11:45 - loss: 0.1675 - f1_score: 0.3994
2000/6728 [=======>......................] - ETA: 11:30 - loss: 0.1676 - f1_score: 0.4005
2100/6728 [========>.....................] - ETA: 11:16 - loss: 0.1675 - f1_score: 0.4007
2200/6728 [========>.....................] - ETA: 11:02 - loss: 0.1670 - f1_score: 0.4015
2300/6728 [=========>....................] - ETA: 10:47 - loss: 0.1670 - f1_score: 0.4019
2400/6728 [=========>....................] - ETA: 10:32 - loss: 0.1665 - f1_score: 0.4028
2500/6728 [==========>...................] - ETA: 10:17 - loss: 0.1667 - f1_score: 0.4013
2600/6728 [==========>...................] - ETA: 10:02 - loss: 0.1663 - f1_score: 0.4027
2700/6728 [===========>..................] - ETA: 9:47 - loss: 0.1670 - f1_score: 0.4010 
2800/6728 [===========>..................] - ETA: 9:33 - loss: 0.1668 - f1_score: 0.4024
2900/6728 [===========>..................] - ETA: 9:18 - loss: 0.1666 - f1_score: 0.4023
3000/6728 [============>.................] - ETA: 9:03 - loss: 0.1667 - f1_score: 0.4020
3100/6728 [============>.................] - ETA: 8:49 - loss: 0.1666 - f1_score: 0.4010
3200/6728 [=============>................] - ETA: 8:34 - loss: 0.1667 - f1_score: 0.4015
3300/6728 [=============>................] - ETA: 8:20 - loss: 0.1669 - f1_score: 0.4024
3400/6728 [==============>...............] - ETA: 8:06 - loss: 0.1669 - f1_score: 0.4028
3500/6728 [==============>...............] - ETA: 7:51 - loss: 0.1668 - f1_score: 0.4028
3600/6728 [===============>..............] - ETA: 7:37 - loss: 0.1668 - f1_score: 0.4021
3700/6728 [===============>..............] - ETA: 7:22 - loss: 0.1665 - f1_score: 0.4019
3800/6728 [===============>..............] - ETA: 7:07 - loss: 0.1663 - f1_score: 0.4010
3900/6728 [================>.............] - ETA: 6:53 - loss: 0.1664 - f1_score: 0.4013
4000/6728 [================>.............] - ETA: 6:38 - loss: 0.1665 - f1_score: 0.4004
4100/6728 [=================>............] - ETA: 6:24 - loss: 0.1667 - f1_score: 0.4019
4200/6728 [=================>............] - ETA: 6:09 - loss: 0.1668 - f1_score: 0.4019
4300/6728 [==================>...........] - ETA: 5:54 - loss: 0.1669 - f1_score: 0.4018
4400/6728 [==================>...........] - ETA: 5:40 - loss: 0.1669 - f1_score: 0.4018
4500/6728 [===================>..........] - ETA: 5:25 - loss: 0.1671 - f1_score: 0.4020
4600/6728 [===================>..........] - ETA: 5:10 - loss: 0.1671 - f1_score: 0.4015
4700/6728 [===================>..........] - ETA: 4:56 - loss: 0.1669 - f1_score: 0.4016
4800/6728 [====================>.........] - ETA: 4:41 - loss: 0.1669 - f1_score: 0.4017
4900/6728 [====================>.........] - ETA: 4:27 - loss: 0.1666 - f1_score: 0.4014
5000/6728 [=====================>........] - ETA: 4:12 - loss: 0.1669 - f1_score: 0.4014
5100/6728 [=====================>........] - ETA: 3:57 - loss: 0.1671 - f1_score: 0.4015
5200/6728 [======================>.......] - ETA: 3:43 - loss: 0.1672 - f1_score: 0.4016
5300/6728 [======================>.......] - ETA: 3:28 - loss: 0.1673 - f1_score: 0.4018
5400/6728 [=======================>......] - ETA: 3:13 - loss: 0.1673 - f1_score: 0.4010
5500/6728 [=======================>......] - ETA: 2:59 - loss: 0.1672 - f1_score: 0.4015
5600/6728 [=======================>......] - ETA: 2:44 - loss: 0.1672 - f1_score: 0.4019
5700/6728 [========================>.....] - ETA: 2:30 - loss: 0.1670 - f1_score: 0.4015
5800/6728 [========================>.....] - ETA: 2:15 - loss: 0.1672 - f1_score: 0.4011
5900/6728 [=========================>....] - ETA: 2:00 - loss: 0.1674 - f1_score: 0.4010
6000/6728 [=========================>....] - ETA: 1:46 - loss: 0.1674 - f1_score: 0.4005
6100/6728 [==========================>...] - ETA: 1:31 - loss: 0.1673 - f1_score: 0.4007
6200/6728 [==========================>...] - ETA: 1:17 - loss: 0.1676 - f1_score: 0.4001
6300/6728 [===========================>..] - ETA: 1:02 - loss: 0.1676 - f1_score: 0.4004
6400/6728 [===========================>..] - ETA: 47s - loss: 0.1676 - f1_score: 0.4001 
6500/6728 [===========================>..] - ETA: 33s - loss: 0.1674 - f1_score: 0.4001
6600/6728 [============================>.] - ETA: 18s - loss: 0.1673 - f1_score: 0.4002
6700/6728 [============================>.] - ETA: 4s - loss: 0.1673 - f1_score: 0.3998 
6728/6728 [==============================] - 983s 146ms/step - loss: 0.1673 - f1_score: 0.3998 - val_loss: 0.3849 - val_f1_score: 0.5041

Epoch 00007: val_loss did not improve from 0.38049
Epoch 8/80

 100/6728 [..............................] - ETA: 16:07 - loss: 0.1631 - f1_score: 0.3995
 200/6728 [..............................] - ETA: 15:53 - loss: 0.1625 - f1_score: 0.3872
 300/6728 [>.............................] - ETA: 15:36 - loss: 0.1661 - f1_score: 0.3952
 400/6728 [>.............................] - ETA: 15:17 - loss: 0.1694 - f1_score: 0.3963
 500/6728 [=>............................] - ETA: 15:03 - loss: 0.1688 - f1_score: 0.3999
 600/6728 [=>............................] - ETA: 14:49 - loss: 0.1681 - f1_score: 0.3979
 700/6728 [==>...........................] - ETA: 14:34 - loss: 0.1678 - f1_score: 0.3941
 800/6728 [==>...........................] - ETA: 14:20 - loss: 0.1672 - f1_score: 0.3937
 900/6728 [===>..........................] - ETA: 14:06 - loss: 0.1673 - f1_score: 0.3931
1000/6728 [===>..........................] - ETA: 13:52 - loss: 0.1677 - f1_score: 0.3969
1100/6728 [===>..........................] - ETA: 13:38 - loss: 0.1674 - f1_score: 0.3977
1200/6728 [====>.........................] - ETA: 13:23 - loss: 0.1669 - f1_score: 0.3960
1300/6728 [====>.........................] - ETA: 13:09 - loss: 0.1666 - f1_score: 0.3972
1400/6728 [=====>........................] - ETA: 12:56 - loss: 0.1669 - f1_score: 0.3970
1500/6728 [=====>........................] - ETA: 12:41 - loss: 0.1678 - f1_score: 0.3976
1600/6728 [======>.......................] - ETA: 12:27 - loss: 0.1681 - f1_score: 0.3992
1700/6728 [======>.......................] - ETA: 12:12 - loss: 0.1681 - f1_score: 0.3999
1800/6728 [=======>......................] - ETA: 11:58 - loss: 0.1676 - f1_score: 0.3984
1900/6728 [=======>......................] - ETA: 11:43 - loss: 0.1672 - f1_score: 0.3995
2000/6728 [=======>......................] - ETA: 11:28 - loss: 0.1679 - f1_score: 0.4007
2100/6728 [========>.....................] - ETA: 11:14 - loss: 0.1683 - f1_score: 0.4000
2200/6728 [========>.....................] - ETA: 10:59 - loss: 0.1683 - f1_score: 0.4000
2300/6728 [=========>....................] - ETA: 10:45 - loss: 0.1678 - f1_score: 0.4012
2400/6728 [=========>....................] - ETA: 10:30 - loss: 0.1681 - f1_score: 0.4022
2500/6728 [==========>...................] - ETA: 10:16 - loss: 0.1679 - f1_score: 0.4015
2600/6728 [==========>...................] - ETA: 10:01 - loss: 0.1673 - f1_score: 0.4022
2700/6728 [===========>..................] - ETA: 9:46 - loss: 0.1668 - f1_score: 0.4019 
2800/6728 [===========>..................] - ETA: 9:32 - loss: 0.1666 - f1_score: 0.4030
2900/6728 [===========>..................] - ETA: 9:18 - loss: 0.1666 - f1_score: 0.4026
3000/6728 [============>.................] - ETA: 9:03 - loss: 0.1665 - f1_score: 0.4019
3100/6728 [============>.................] - ETA: 8:49 - loss: 0.1669 - f1_score: 0.4023
3200/6728 [=============>................] - ETA: 8:34 - loss: 0.1672 - f1_score: 0.4028
3300/6728 [=============>................] - ETA: 8:20 - loss: 0.1669 - f1_score: 0.4028
3400/6728 [==============>...............] - ETA: 8:05 - loss: 0.1667 - f1_score: 0.4021
3500/6728 [==============>...............] - ETA: 7:51 - loss: 0.1667 - f1_score: 0.4020
3600/6728 [===============>..............] - ETA: 7:36 - loss: 0.1668 - f1_score: 0.4016
3700/6728 [===============>..............] - ETA: 7:22 - loss: 0.1666 - f1_score: 0.4019
3800/6728 [===============>..............] - ETA: 7:07 - loss: 0.1664 - f1_score: 0.4021
3900/6728 [================>.............] - ETA: 6:53 - loss: 0.1662 - f1_score: 0.4015
4000/6728 [================>.............] - ETA: 6:38 - loss: 0.1664 - f1_score: 0.4014
4100/6728 [=================>............] - ETA: 6:23 - loss: 0.1664 - f1_score: 0.4012
4200/6728 [=================>............] - ETA: 6:09 - loss: 0.1664 - f1_score: 0.4006
4300/6728 [==================>...........] - ETA: 5:54 - loss: 0.1664 - f1_score: 0.4001
4400/6728 [==================>...........] - ETA: 5:40 - loss: 0.1666 - f1_score: 0.4000
4500/6728 [===================>..........] - ETA: 5:25 - loss: 0.1667 - f1_score: 0.4006
4600/6728 [===================>..........] - ETA: 5:10 - loss: 0.1668 - f1_score: 0.4003
4700/6728 [===================>..........] - ETA: 4:56 - loss: 0.1669 - f1_score: 0.4002
4800/6728 [====================>.........] - ETA: 4:41 - loss: 0.1668 - f1_score: 0.4002
4900/6728 [====================>.........] - ETA: 4:27 - loss: 0.1666 - f1_score: 0.4003
5000/6728 [=====================>........] - ETA: 4:12 - loss: 0.1667 - f1_score: 0.4002
5100/6728 [=====================>........] - ETA: 3:58 - loss: 0.1667 - f1_score: 0.4001
5200/6728 [======================>.......] - ETA: 3:43 - loss: 0.1668 - f1_score: 0.3992
5300/6728 [======================>.......] - ETA: 3:28 - loss: 0.1666 - f1_score: 0.3990
5400/6728 [=======================>......] - ETA: 3:14 - loss: 0.1667 - f1_score: 0.3990
5500/6728 [=======================>......] - ETA: 2:59 - loss: 0.1668 - f1_score: 0.3992
5600/6728 [=======================>......] - ETA: 2:44 - loss: 0.1669 - f1_score: 0.3995
5700/6728 [========================>.....] - ETA: 2:30 - loss: 0.1667 - f1_score: 0.3994
5800/6728 [========================>.....] - ETA: 2:15 - loss: 0.1667 - f1_score: 0.3996
5900/6728 [=========================>....] - ETA: 2:01 - loss: 0.1667 - f1_score: 0.3996
6000/6728 [=========================>....] - ETA: 1:46 - loss: 0.1666 - f1_score: 0.3994
6100/6728 [==========================>...] - ETA: 1:31 - loss: 0.1666 - f1_score: 0.3996
6200/6728 [==========================>...] - ETA: 1:17 - loss: 0.1667 - f1_score: 0.3996
6300/6728 [===========================>..] - ETA: 1:02 - loss: 0.1667 - f1_score: 0.3998
6400/6728 [===========================>..] - ETA: 47s - loss: 0.1666 - f1_score: 0.4000 
6500/6728 [===========================>..] - ETA: 33s - loss: 0.1668 - f1_score: 0.3996
6600/6728 [============================>.] - ETA: 18s - loss: 0.1667 - f1_score: 0.3996
6700/6728 [============================>.] - ETA: 4s - loss: 0.1668 - f1_score: 0.3997 
6728/6728 [==============================] - 984s 146ms/step - loss: 0.1669 - f1_score: 0.3999 - val_loss: 0.3853 - val_f1_score: 0.5012

Epoch 00008: val_loss did not improve from 0.38049
Epoch 9/80

 100/6728 [..............................] - ETA: 16:14 - loss: 0.1584 - f1_score: 0.3930
 200/6728 [..............................] - ETA: 15:57 - loss: 0.1583 - f1_score: 0.4009
 300/6728 [>.............................] - ETA: 15:39 - loss: 0.1611 - f1_score: 0.4147
 400/6728 [>.............................] - ETA: 15:26 - loss: 0.1608 - f1_score: 0.4049
 500/6728 [=>............................] - ETA: 15:10 - loss: 0.1614 - f1_score: 0.4004
 600/6728 [=>............................] - ETA: 14:56 - loss: 0.1631 - f1_score: 0.3984
 700/6728 [==>...........................] - ETA: 14:39 - loss: 0.1644 - f1_score: 0.4017
 800/6728 [==>...........................] - ETA: 14:24 - loss: 0.1650 - f1_score: 0.3998
 900/6728 [===>..........................] - ETA: 14:08 - loss: 0.1645 - f1_score: 0.3990
1000/6728 [===>..........................] - ETA: 13:55 - loss: 0.1650 - f1_score: 0.3974
1100/6728 [===>..........................] - ETA: 13:39 - loss: 0.1650 - f1_score: 0.3971
1200/6728 [====>.........................] - ETA: 13:25 - loss: 0.1652 - f1_score: 0.3956
1300/6728 [====>.........................] - ETA: 13:11 - loss: 0.1654 - f1_score: 0.3993
1400/6728 [=====>........................] - ETA: 12:57 - loss: 0.1670 - f1_score: 0.3985
1500/6728 [=====>........................] - ETA: 12:42 - loss: 0.1668 - f1_score: 0.3965
1600/6728 [======>.......................] - ETA: 12:28 - loss: 0.1672 - f1_score: 0.3970
1700/6728 [======>.......................] - ETA: 12:14 - loss: 0.1670 - f1_score: 0.3958
1800/6728 [=======>......................] - ETA: 12:00 - loss: 0.1671 - f1_score: 0.3955
1900/6728 [=======>......................] - ETA: 11:45 - loss: 0.1669 - f1_score: 0.3945
2000/6728 [=======>......................] - ETA: 11:30 - loss: 0.1681 - f1_score: 0.3961
2100/6728 [========>.....................] - ETA: 11:16 - loss: 0.1679 - f1_score: 0.3971
2200/6728 [========>.....................] - ETA: 11:01 - loss: 0.1681 - f1_score: 0.3979
2300/6728 [=========>....................] - ETA: 10:46 - loss: 0.1677 - f1_score: 0.3968
2400/6728 [=========>....................] - ETA: 10:31 - loss: 0.1676 - f1_score: 0.3975
2500/6728 [==========>...................] - ETA: 10:17 - loss: 0.1673 - f1_score: 0.3979
2600/6728 [==========>...................] - ETA: 10:02 - loss: 0.1676 - f1_score: 0.3973
2700/6728 [===========>..................] - ETA: 9:48 - loss: 0.1677 - f1_score: 0.3981 
2800/6728 [===========>..................] - ETA: 9:34 - loss: 0.1682 - f1_score: 0.3981
2900/6728 [===========>..................] - ETA: 9:19 - loss: 0.1680 - f1_score: 0.3979
3000/6728 [============>.................] - ETA: 9:05 - loss: 0.1677 - f1_score: 0.3971
3100/6728 [============>.................] - ETA: 8:50 - loss: 0.1675 - f1_score: 0.3982
3200/6728 [=============>................] - ETA: 8:35 - loss: 0.1675 - f1_score: 0.3976
3300/6728 [=============>................] - ETA: 8:21 - loss: 0.1676 - f1_score: 0.3972
3400/6728 [==============>...............] - ETA: 8:06 - loss: 0.1673 - f1_score: 0.3969
3500/6728 [==============>...............] - ETA: 7:51 - loss: 0.1672 - f1_score: 0.3968
3600/6728 [===============>..............] - ETA: 7:36 - loss: 0.1672 - f1_score: 0.3970
3700/6728 [===============>..............] - ETA: 7:22 - loss: 0.1674 - f1_score: 0.3977
3800/6728 [===============>..............] - ETA: 7:07 - loss: 0.1673 - f1_score: 0.3980
3900/6728 [================>.............] - ETA: 6:53 - loss: 0.1673 - f1_score: 0.3976
4000/6728 [================>.............] - ETA: 6:38 - loss: 0.1677 - f1_score: 0.3972
4100/6728 [=================>............] - ETA: 6:23 - loss: 0.1674 - f1_score: 0.3979
4200/6728 [=================>............] - ETA: 6:09 - loss: 0.1674 - f1_score: 0.3983
4300/6728 [==================>...........] - ETA: 5:54 - loss: 0.1673 - f1_score: 0.3988
4400/6728 [==================>...........] - ETA: 5:40 - loss: 0.1670 - f1_score: 0.3991
4500/6728 [===================>..........] - ETA: 5:25 - loss: 0.1674 - f1_score: 0.3994
4600/6728 [===================>..........] - ETA: 5:10 - loss: 0.1673 - f1_score: 0.3997
4700/6728 [===================>..........] - ETA: 4:56 - loss: 0.1675 - f1_score: 0.3997
4800/6728 [====================>.........] - ETA: 4:41 - loss: 0.1674 - f1_score: 0.3999
4900/6728 [====================>.........] - ETA: 4:27 - loss: 0.1676 - f1_score: 0.3995
5000/6728 [=====================>........] - ETA: 4:12 - loss: 0.1674 - f1_score: 0.3992
5100/6728 [=====================>........] - ETA: 3:57 - loss: 0.1672 - f1_score: 0.3986
5200/6728 [======================>.......] - ETA: 3:43 - loss: 0.1673 - f1_score: 0.3990
5300/6728 [======================>.......] - ETA: 3:28 - loss: 0.1671 - f1_score: 0.3991
5400/6728 [=======================>......] - ETA: 3:14 - loss: 0.1671 - f1_score: 0.3997
5500/6728 [=======================>......] - ETA: 2:59 - loss: 0.1671 - f1_score: 0.3989
5600/6728 [=======================>......] - ETA: 2:44 - loss: 0.1669 - f1_score: 0.3981
5700/6728 [========================>.....] - ETA: 2:30 - loss: 0.1669 - f1_score: 0.3984
5800/6728 [========================>.....] - ETA: 2:15 - loss: 0.1669 - f1_score: 0.3988
5900/6728 [=========================>....] - ETA: 2:00 - loss: 0.1670 - f1_score: 0.3992
6000/6728 [=========================>....] - ETA: 1:46 - loss: 0.1669 - f1_score: 0.3993
6100/6728 [==========================>...] - ETA: 1:31 - loss: 0.1670 - f1_score: 0.3993
6200/6728 [==========================>...] - ETA: 1:17 - loss: 0.1669 - f1_score: 0.4005
6300/6728 [===========================>..] - ETA: 1:02 - loss: 0.1671 - f1_score: 0.4010
6400/6728 [===========================>..] - ETA: 47s - loss: 0.1669 - f1_score: 0.4011 
6500/6728 [===========================>..] - ETA: 33s - loss: 0.1667 - f1_score: 0.4010
6600/6728 [============================>.] - ETA: 18s - loss: 0.1666 - f1_score: 0.4010
6700/6728 [============================>.] - ETA: 4s - loss: 0.1666 - f1_score: 0.4013 
6728/6728 [==============================] - 984s 146ms/step - loss: 0.1665 - f1_score: 0.4016 - val_loss: 0.3865 - val_f1_score: 0.5017

Epoch 00009: val_loss did not improve from 0.38049
Epoch 10/80

 100/6728 [..............................] - ETA: 15:59 - loss: 0.1534 - f1_score: 0.4105
 200/6728 [..............................] - ETA: 15:48 - loss: 0.1567 - f1_score: 0.4267
 300/6728 [>.............................] - ETA: 15:37 - loss: 0.1595 - f1_score: 0.4209
 400/6728 [>.............................] - ETA: 15:22 - loss: 0.1652 - f1_score: 0.4092
 500/6728 [=>............................] - ETA: 15:09 - loss: 0.1681 - f1_score: 0.4077
 600/6728 [=>............................] - ETA: 14:56 - loss: 0.1671 - f1_score: 0.4107
 700/6728 [==>...........................] - ETA: 14:40 - loss: 0.1652 - f1_score: 0.4097
 800/6728 [==>...........................] - ETA: 14:27 - loss: 0.1661 - f1_score: 0.4056
 900/6728 [===>..........................] - ETA: 14:13 - loss: 0.1653 - f1_score: 0.4067
1000/6728 [===>..........................] - ETA: 13:59 - loss: 0.1648 - f1_score: 0.4012
1100/6728 [===>..........................] - ETA: 13:43 - loss: 0.1646 - f1_score: 0.3966
1200/6728 [====>.........................] - ETA: 13:28 - loss: 0.1647 - f1_score: 0.3987
1300/6728 [====>.........................] - ETA: 13:13 - loss: 0.1645 - f1_score: 0.3999
1400/6728 [=====>........................] - ETA: 12:59 - loss: 0.1645 - f1_score: 0.3977
1500/6728 [=====>........................] - ETA: 12:44 - loss: 0.1644 - f1_score: 0.3972
1600/6728 [======>.......................] - ETA: 12:29 - loss: 0.1641 - f1_score: 0.3954
1700/6728 [======>.......................] - ETA: 12:14 - loss: 0.1633 - f1_score: 0.3982
1800/6728 [=======>......................] - ETA: 12:00 - loss: 0.1632 - f1_score: 0.3995
1900/6728 [=======>......................] - ETA: 11:45 - loss: 0.1630 - f1_score: 0.4014
2000/6728 [=======>......................] - ETA: 11:30 - loss: 0.1633 - f1_score: 0.4009
2100/6728 [========>.....................] - ETA: 11:15 - loss: 0.1636 - f1_score: 0.4000
2200/6728 [========>.....................] - ETA: 11:01 - loss: 0.1644 - f1_score: 0.4002
2300/6728 [=========>....................] - ETA: 10:46 - loss: 0.1644 - f1_score: 0.4002
2400/6728 [=========>....................] - ETA: 10:31 - loss: 0.1646 - f1_score: 0.4000
2500/6728 [==========>...................] - ETA: 10:17 - loss: 0.1657 - f1_score: 0.4014
2600/6728 [==========>...................] - ETA: 10:02 - loss: 0.1657 - f1_score: 0.4014
2700/6728 [===========>..................] - ETA: 9:48 - loss: 0.1659 - f1_score: 0.4014 
2800/6728 [===========>..................] - ETA: 9:33 - loss: 0.1661 - f1_score: 0.4012
2900/6728 [===========>..................] - ETA: 9:19 - loss: 0.1658 - f1_score: 0.3997
3000/6728 [============>.................] - ETA: 9:04 - loss: 0.1664 - f1_score: 0.4004
3100/6728 [============>.................] - ETA: 8:49 - loss: 0.1663 - f1_score: 0.4008
3200/6728 [=============>................] - ETA: 8:35 - loss: 0.1662 - f1_score: 0.4011
3300/6728 [=============>................] - ETA: 8:20 - loss: 0.1664 - f1_score: 0.4011
3400/6728 [==============>...............] - ETA: 8:06 - loss: 0.1664 - f1_score: 0.4007
3500/6728 [==============>...............] - ETA: 7:51 - loss: 0.1661 - f1_score: 0.4004
3600/6728 [===============>..............] - ETA: 7:37 - loss: 0.1663 - f1_score: 0.4007
3700/6728 [===============>..............] - ETA: 7:22 - loss: 0.1663 - f1_score: 0.4000
3800/6728 [===============>..............] - ETA: 7:07 - loss: 0.1661 - f1_score: 0.4010
3900/6728 [================>.............] - ETA: 6:53 - loss: 0.1662 - f1_score: 0.4018
4000/6728 [================>.............] - ETA: 6:38 - loss: 0.1661 - f1_score: 0.4020
4100/6728 [=================>............] - ETA: 6:24 - loss: 0.1662 - f1_score: 0.4005
4200/6728 [=================>............] - ETA: 6:09 - loss: 0.1660 - f1_score: 0.4006
4300/6728 [==================>...........] - ETA: 5:54 - loss: 0.1662 - f1_score: 0.4013
4400/6728 [==================>...........] - ETA: 5:40 - loss: 0.1660 - f1_score: 0.4008
4500/6728 [===================>..........] - ETA: 5:25 - loss: 0.1659 - f1_score: 0.4005
4600/6728 [===================>..........] - ETA: 5:11 - loss: 0.1655 - f1_score: 0.3999
4700/6728 [===================>..........] - ETA: 4:56 - loss: 0.1656 - f1_score: 0.4005
4800/6728 [====================>.........] - ETA: 4:42 - loss: 0.1657 - f1_score: 0.4009
4900/6728 [====================>.........] - ETA: 4:27 - loss: 0.1658 - f1_score: 0.4012
5000/6728 [=====================>........] - ETA: 4:12 - loss: 0.1658 - f1_score: 0.4023
5100/6728 [=====================>........] - ETA: 3:58 - loss: 0.1658 - f1_score: 0.4024
5200/6728 [======================>.......] - ETA: 3:43 - loss: 0.1655 - f1_score: 0.4024
5300/6728 [======================>.......] - ETA: 3:28 - loss: 0.1657 - f1_score: 0.4024
5400/6728 [=======================>......] - ETA: 3:14 - loss: 0.1658 - f1_score: 0.4018
5500/6728 [=======================>......] - ETA: 2:59 - loss: 0.1657 - f1_score: 0.4016
5600/6728 [=======================>......] - ETA: 2:45 - loss: 0.1658 - f1_score: 0.4016
5700/6728 [========================>.....] - ETA: 2:30 - loss: 0.1659 - f1_score: 0.4011
5800/6728 [========================>.....] - ETA: 2:15 - loss: 0.1659 - f1_score: 0.4010
5900/6728 [=========================>....] - ETA: 2:01 - loss: 0.1660 - f1_score: 0.4012
6000/6728 [=========================>....] - ETA: 1:46 - loss: 0.1659 - f1_score: 0.4011
6100/6728 [==========================>...] - ETA: 1:31 - loss: 0.1659 - f1_score: 0.4014
6200/6728 [==========================>...] - ETA: 1:17 - loss: 0.1659 - f1_score: 0.4016
6300/6728 [===========================>..] - ETA: 1:02 - loss: 0.1660 - f1_score: 0.4016
6400/6728 [===========================>..] - ETA: 48s - loss: 0.1659 - f1_score: 0.4021 
6500/6728 [===========================>..] - ETA: 33s - loss: 0.1660 - f1_score: 0.4019
6600/6728 [============================>.] - ETA: 18s - loss: 0.1660 - f1_score: 0.4019
6700/6728 [============================>.] - ETA: 4s - loss: 0.1660 - f1_score: 0.4018 
6728/6728 [==============================] - 985s 146ms/step - loss: 0.1661 - f1_score: 0.4015 - val_loss: 0.3839 - val_f1_score: 0.5042

Epoch 00010: val_loss did not improve from 0.38049
Epoch 11/80

 100/6728 [..............................] - ETA: 16:00 - loss: 0.1651 - f1_score: 0.3938
 200/6728 [..............................] - ETA: 15:50 - loss: 0.1624 - f1_score: 0.4045
 300/6728 [>.............................] - ETA: 15:36 - loss: 0.1681 - f1_score: 0.4021
 400/6728 [>.............................] - ETA: 15:22 - loss: 0.1726 - f1_score: 0.4044
 500/6728 [=>............................] - ETA: 15:09 - loss: 0.1697 - f1_score: 0.4052
 600/6728 [=>............................] - ETA: 14:56 - loss: 0.1696 - f1_score: 0.3997
 700/6728 [==>...........................] - ETA: 14:40 - loss: 0.1665 - f1_score: 0.3936
 800/6728 [==>...........................] - ETA: 14:25 - loss: 0.1663 - f1_score: 0.3974
 900/6728 [===>..........................] - ETA: 14:10 - loss: 0.1670 - f1_score: 0.3944
1000/6728 [===>..........................] - ETA: 13:56 - loss: 0.1675 - f1_score: 0.3928
1100/6728 [===>..........................] - ETA: 13:40 - loss: 0.1675 - f1_score: 0.3926
1200/6728 [====>.........................] - ETA: 13:26 - loss: 0.1674 - f1_score: 0.3929
1300/6728 [====>.........................] - ETA: 13:11 - loss: 0.1676 - f1_score: 0.3934
1400/6728 [=====>........................] - ETA: 12:56 - loss: 0.1672 - f1_score: 0.3945
1500/6728 [=====>........................] - ETA: 12:42 - loss: 0.1678 - f1_score: 0.3948
1600/6728 [======>.......................] - ETA: 12:27 - loss: 0.1680 - f1_score: 0.3969
1700/6728 [======>.......................] - ETA: 12:13 - loss: 0.1679 - f1_score: 0.3960
1800/6728 [=======>......................] - ETA: 11:59 - loss: 0.1686 - f1_score: 0.3963
1900/6728 [=======>......................] - ETA: 11:45 - loss: 0.1682 - f1_score: 0.3968
2000/6728 [=======>......................] - ETA: 11:30 - loss: 0.1675 - f1_score: 0.3986
2100/6728 [========>.....................] - ETA: 11:16 - loss: 0.1673 - f1_score: 0.3977
2200/6728 [========>.....................] - ETA: 11:01 - loss: 0.1669 - f1_score: 0.3983
2300/6728 [=========>....................] - ETA: 10:46 - loss: 0.1671 - f1_score: 0.3984
2400/6728 [=========>....................] - ETA: 10:32 - loss: 0.1667 - f1_score: 0.3985
2500/6728 [==========>...................] - ETA: 10:17 - loss: 0.1665 - f1_score: 0.3978
2600/6728 [==========>...................] - ETA: 10:02 - loss: 0.1660 - f1_score: 0.4000
2700/6728 [===========>..................] - ETA: 9:47 - loss: 0.1670 - f1_score: 0.4005 
2800/6728 [===========>..................] - ETA: 9:33 - loss: 0.1679 - f1_score: 0.4016
2900/6728 [===========>..................] - ETA: 9:18 - loss: 0.1681 - f1_score: 0.4017
3000/6728 [============>.................] - ETA: 9:03 - loss: 0.1677 - f1_score: 0.4016
3100/6728 [============>.................] - ETA: 8:49 - loss: 0.1678 - f1_score: 0.4012
3200/6728 [=============>................] - ETA: 8:34 - loss: 0.1676 - f1_score: 0.4011
3300/6728 [=============>................] - ETA: 8:19 - loss: 0.1675 - f1_score: 0.4010
3400/6728 [==============>...............] - ETA: 8:04 - loss: 0.1670 - f1_score: 0.4015
3500/6728 [==============>...............] - ETA: 7:50 - loss: 0.1666 - f1_score: 0.4018
3600/6728 [===============>..............] - ETA: 7:35 - loss: 0.1664 - f1_score: 0.4016
3700/6728 [===============>..............] - ETA: 7:21 - loss: 0.1663 - f1_score: 0.4017
3800/6728 [===============>..............] - ETA: 7:06 - loss: 0.1665 - f1_score: 0.4019
3900/6728 [================>.............] - ETA: 6:52 - loss: 0.1666 - f1_score: 0.4027
4000/6728 [================>.............] - ETA: 6:37 - loss: 0.1664 - f1_score: 0.4026
4100/6728 [=================>............] - ETA: 6:23 - loss: 0.1662 - f1_score: 0.4032
4200/6728 [=================>............] - ETA: 6:09 - loss: 0.1665 - f1_score: 0.4023
4300/6728 [==================>...........] - ETA: 5:54 - loss: 0.1667 - f1_score: 0.4020
4400/6728 [==================>...........] - ETA: 5:39 - loss: 0.1665 - f1_score: 0.4018
4500/6728 [===================>..........] - ETA: 5:25 - loss: 0.1666 - f1_score: 0.4015
4600/6728 [===================>..........] - ETA: 5:10 - loss: 0.1667 - f1_score: 0.4019
4700/6728 [===================>..........] - ETA: 4:56 - loss: 0.1664 - f1_score: 0.4020
4800/6728 [====================>.........] - ETA: 4:41 - loss: 0.1661 - f1_score: 0.4024
4900/6728 [====================>.........] - ETA: 4:26 - loss: 0.1658 - f1_score: 0.4026
5000/6728 [=====================>........] - ETA: 4:12 - loss: 0.1658 - f1_score: 0.4030
5100/6728 [=====================>........] - ETA: 3:57 - loss: 0.1657 - f1_score: 0.4025
5200/6728 [======================>.......] - ETA: 3:43 - loss: 0.1656 - f1_score: 0.4030
5300/6728 [======================>.......] - ETA: 3:28 - loss: 0.1658 - f1_score: 0.4031
5400/6728 [=======================>......] - ETA: 3:13 - loss: 0.1659 - f1_score: 0.4032
5500/6728 [=======================>......] - ETA: 2:59 - loss: 0.1659 - f1_score: 0.4036
5600/6728 [=======================>......] - ETA: 2:44 - loss: 0.1658 - f1_score: 0.4036
5700/6728 [========================>.....] - ETA: 2:30 - loss: 0.1659 - f1_score: 0.4033
5800/6728 [========================>.....] - ETA: 2:15 - loss: 0.1659 - f1_score: 0.4030
5900/6728 [=========================>....] - ETA: 2:00 - loss: 0.1658 - f1_score: 0.4032
6000/6728 [=========================>....] - ETA: 1:46 - loss: 0.1659 - f1_score: 0.4033
6100/6728 [==========================>...] - ETA: 1:31 - loss: 0.1657 - f1_score: 0.4035
6200/6728 [==========================>...] - ETA: 1:17 - loss: 0.1660 - f1_score: 0.4033
6300/6728 [===========================>..] - ETA: 1:02 - loss: 0.1659 - f1_score: 0.4036
6400/6728 [===========================>..] - ETA: 47s - loss: 0.1658 - f1_score: 0.4031 
6500/6728 [===========================>..] - ETA: 33s - loss: 0.1660 - f1_score: 0.4028
6600/6728 [============================>.] - ETA: 18s - loss: 0.1659 - f1_score: 0.4031
6700/6728 [============================>.] - ETA: 4s - loss: 0.1657 - f1_score: 0.4026 
6728/6728 [==============================] - 984s 146ms/step - loss: 0.1657 - f1_score: 0.4027 - val_loss: 0.3835 - val_f1_score: 0.5049
Using TensorFlow backend.
/scratch/cordova/ML/working_directories/Manuel/Dropout_200_New/x86_E5v4_Mellanox_gcc_mvapich/lib/python3.6/site-packages/skimage/transform/_warps.py:105: UserWarning: The default mode, 'constant', will be changed to 'reflect' in skimage 0.15.
  warn("The default mode, 'constant', will be changed to 'reflect' in "
/scratch/cordova/ML/working_directories/Manuel/Dropout_200_New/x86_E5v4_Mellanox_gcc_mvapich/lib/python3.6/site-packages/skimage/transform/_warps.py:110: UserWarning: Anti-aliasing will be enabled by default in skimage 0.15 to avoid aliasing artifacts when down-sampling images.
  warn("Anti-aliasing will be enabled by default in skimage 0.15 to "
/scratch/cordova/ML/working_directories/Manuel/Dropout_200_New/helper.py:36: RuntimeWarning: invalid value encountered in true_divide
  rimg = (rimg / np.max(rimg)).astype(np.float32)
/scratch/cordova/ML/working_directories/Manuel/Dropout_200_New/transformation.py:74: RuntimeWarning: invalid value encountered in greater
  return (resized_imgs > threshold).astype(np.float32)

Epoch 00011: val_loss did not improve from 0.38049
Epoch 00011: early stopping
Training done!
FINISHED at Thu Dec 20 07:39:49 CET 2018
